# JRE version: OpenJDK Runtime Environment Temurin-11.0.20+8 (11.0.20+8) (build 11.0.20+8)
# Java VM: OpenJDK 64-Bit Server VM Temurin-11.0.20+8 (11.0.20+8, mixed mode, tiered, compressed oops, g1 gc, windows-amd64)
Heap:
 garbage-first heap   total 260096K, used 30809K [0x0000000702000000, 0x0000000800000000)
  region size 1024K, 9 young (9216K), 9 survivors (9216K)
 Metaspace       used 61640K, capacity 63480K, committed 63532K, reserved 1112064K
  class space    used 7576K, capacity 8273K, committed 8320K, reserved 1048576K
GC Heap History (18 events):
Event: 4.899 GC heap before
{Heap before GC invocations=0 (full 0):
 garbage-first heap   total 260096K, used 23552K [0x0000000702000000, 0x0000000800000000)
  region size 1024K, 24 young (24576K), 0 survivors (0K)
 Metaspace       used 15002K, capacity 15380K, committed 15488K, reserved 1062912K
  class space    used 1510K, capacity 1634K, committed 1664K, reserved 1048576K
}
Event: 5.079 GC heap after
{Heap after GC invocations=1 (full 0):
 garbage-first heap   total 260096K, used 6651K [0x0000000702000000, 0x0000000800000000)
  region size 1024K, 3 young (3072K), 3 survivors (3072K)
 Metaspace       used 15002K, capacity 15380K, committed 15488K, reserved 1062912K
  class space    used 1510K, capacity 1634K, committed 1664K, reserved 1048576K
}
Event: 7.140 GC heap before
{Heap before GC invocations=1 (full 0):
 garbage-first heap   total 260096K, used 66043K [0x0000000702000000, 0x0000000800000000)
  region size 1024K, 62 young (63488K), 3 survivors (3072K)
 Metaspace       used 20654K, capacity 21161K, committed 21248K, reserved 1069056K
  class space    used 2272K, capacity 2486K, committed 2560K, reserved 1048576K
}
Event: 7.150 GC heap after
{Heap after GC invocations=2 (full 0):
 garbage-first heap   total 260096K, used 8625K [0x0000000702000000, 0x0000000800000000)
  region size 1024K, 5 young (5120K), 5 survivors (5120K)
 Metaspace       used 20654K, capacity 21161K, committed 21248K, reserved 1069056K
  class space    used 2272K, capacity 2486K, committed 2560K, reserved 1048576K
}
Event: 7.828 GC heap before
{Heap before GC invocations=3 (full 0):
 garbage-first heap   total 260096K, used 71089K [0x0000000702000000, 0x0000000800000000)
  region size 1024K, 66 young (67584K), 5 survivors (5120K)
 Metaspace       used 25409K, capacity 26162K, committed 26368K, reserved 1073152K
  class space    used 3024K, capacity 3323K, committed 3328K, reserved 1048576K
}
Event: 7.836 GC heap after
{Heap after GC invocations=4 (full 0):
 garbage-first heap   total 260096K, used 10063K [0x0000000702000000, 0x0000000800000000)
  region size 1024K, 4 young (4096K), 4 survivors (4096K)
 Metaspace       used 25409K, capacity 26162K, committed 26368K, reserved 1073152K
  class space    used 3024K, capacity 3323K, committed 3328K, reserved 1048576K
}
Event: 8.261 GC heap before
{Heap before GC invocations=5 (full 0):
 garbage-first heap   total 260096K, used 90959K [0x0000000702000000, 0x0000000800000000)
  region size 1024K, 83 young (84992K), 4 survivors (4096K)
 Metaspace       used 30487K, capacity 31325K, committed 31488K, reserved 1077248K
  class space    used 3660K, capacity 3978K, committed 4096K, reserved 1048576K
}
Event: 8.266 GC heap after
{Heap after GC invocations=6 (full 0):
 garbage-first heap   total 260096K, used 12007K [0x0000000702000000, 0x0000000800000000)
  region size 1024K, 6 young (6144K), 6 survivors (6144K)
 Metaspace       used 30487K, capacity 31325K, committed 31488K, reserved 1077248K
  class space    used 3660K, capacity 3978K, committed 4096K, reserved 1048576K
}
Event: 11.845 GC heap before
{Heap before GC invocations=6 (full 0):
 garbage-first heap   total 260096K, used 161511K [0x0000000702000000, 0x0000000800000000)
  region size 1024K, 152 young (155648K), 6 survivors (6144K)
 Metaspace       used 37973K, capacity 39084K, committed 39296K, reserved 1083392K
  class space    used 4727K, capacity 5153K, committed 5248K, reserved 1048576K
}
Event: 11.855 GC heap after
{Heap after GC invocations=7 (full 0):
 garbage-first heap   total 260096K, used 15576K [0x0000000702000000, 0x0000000800000000)
  region size 1024K, 9 young (9216K), 9 survivors (9216K)
 Metaspace       used 37973K, capacity 39084K, committed 39296K, reserved 1083392K
  class space    used 4727K, capacity 5153K, committed 5248K, reserved 1048576K
}
Event: 15.460 GC heap before
{Heap before GC invocations=7 (full 0):
 garbage-first heap   total 260096K, used 74968K [0x0000000702000000, 0x0000000800000000)
  region size 1024K, 68 young (69632K), 9 survivors (9216K)
 Metaspace       used 42574K, capacity 43799K, committed 43948K, reserved 1087488K
  class space    used 5298K, capacity 5826K, committed 5888K, reserved 1048576K
}
Event: 15.480 GC heap after
{Heap after GC invocations=8 (full 0):
 garbage-first heap   total 260096K, used 17837K [0x0000000702000000, 0x0000000800000000)
  region size 1024K, 11 young (11264K), 11 survivors (11264K)
 Metaspace       used 42574K, capacity 43799K, committed 43948K, reserved 1087488K
  class space    used 5298K, capacity 5826K, committed 5888K, reserved 1048576K
}
Event: 24.588 GC heap before
{Heap before GC invocations=9 (full 0):
 garbage-first heap   total 260096K, used 161197K [0x0000000702000000, 0x0000000800000000)
  region size 1024K, 152 young (155648K), 11 survivors (11264K)
 Metaspace       used 51274K, capacity 52831K, committed 53036K, reserved 1095680K
  class space    used 6375K, capacity 6994K, committed 7040K, reserved 1048576K
}
Event: 24.612 GC heap after
{Heap after GC invocations=10 (full 0):
 garbage-first heap   total 260096K, used 22860K [0x0000000702000000, 0x0000000800000000)
  region size 1024K, 15 young (15360K), 15 survivors (15360K)
 Metaspace       used 51274K, capacity 52831K, committed 53036K, reserved 1095680K
  class space    used 6375K, capacity 6994K, committed 7040K, reserved 1048576K
}
Event: 33.067 GC heap before
{Heap before GC invocations=10 (full 0):
 garbage-first heap   total 260096K, used 166220K [0x0000000702000000, 0x0000000800000000)
  region size 1024K, 152 young (155648K), 15 survivors (15360K)
 Metaspace       used 59522K, capacity 61258K, committed 61484K, reserved 1103872K
  class space    used 7284K, capacity 7941K, committed 8064K, reserved 1048576K
}
Event: 33.088 GC heap after
{Heap after GC invocations=11 (full 0):
 garbage-first heap   total 260096K, used 29117K [0x0000000702000000, 0x0000000800000000)
  region size 1024K, 14 young (14336K), 14 survivors (14336K)
 Metaspace       used 59522K, capacity 61258K, committed 61484K, reserved 1103872K
  class space    used 7284K, capacity 7941K, committed 8064K, reserved 1048576K
}
Event: 40.467 GC heap before
{Heap before GC invocations=11 (full 0):
 garbage-first heap   total 260096K, used 75197K [0x0000000702000000, 0x0000000800000000)
  region size 1024K, 60 young (61440K), 14 survivors (14336K)
 Metaspace       used 61640K, capacity 63480K, committed 63532K, reserved 1110016K
  class space    used 7576K, capacity 8273K, committed 8320K, reserved 1048576K
}
Event: 40.476 GC heap after
{Heap after GC invocations=12 (full 0):
 garbage-first heap   total 260096K, used 30809K [0x0000000702000000, 0x0000000800000000)
  region size 1024K, 9 young (9216K), 9 survivors (9216K)
 Metaspace       used 61640K, capacity 63480K, committed 63532K, reserved 1110016K
  class space    used 7576K, capacity 8273K, committed 8320K, reserved 1048576K
}

