Heap:
 garbage-first heap   total 260096K, used 30973K [0x0000000702000000, 0x0000000800000000)
  region size 1024K, 11 young (11264K), 11 survivors (11264K)
 Metaspace       used 61634K, capacity 63464K, committed 63576K, reserved 1112064K
  class space    used 7572K, capacity 8270K, committed 8320K, reserved 1048576K
GC Heap History (18 events):
Event: 5.612 GC heap before
{Heap before GC invocations=0 (full 0):
 garbage-first heap   total 260096K, used 23552K [0x0000000702000000, 0x0000000800000000)
  region size 1024K, 24 young (24576K), 0 survivors (0K)
 Metaspace       used 15003K, capacity 15380K, committed 15488K, reserved 1062912K
  class space    used 1510K, capacity 1634K, committed 1664K, reserved 1048576K
}
Event: 5.653 GC heap after
{Heap after GC invocations=1 (full 0):
 garbage-first heap   total 260096K, used 6798K [0x0000000702000000, 0x0000000800000000)
  region size 1024K, 3 young (3072K), 3 survivors (3072K)
 Metaspace       used 15003K, capacity 15380K, committed 15488K, reserved 1062912K
  class space    used 1510K, capacity 1634K, committed 1664K, reserved 1048576K
}
Event: 8.400 GC heap before
{Heap before GC invocations=1 (full 0):
 garbage-first heap   total 260096K, used 66190K [0x0000000702000000, 0x0000000800000000)
  region size 1024K, 62 young (63488K), 3 survivors (3072K)
 Metaspace       used 20653K, capacity 21161K, committed 21248K, reserved 1069056K
  class space    used 2274K, capacity 2486K, committed 2560K, reserved 1048576K
}
Event: 8.409 GC heap after
{Heap after GC invocations=2 (full 0):
 garbage-first heap   total 260096K, used 8730K [0x0000000702000000, 0x0000000800000000)
  region size 1024K, 5 young (5120K), 5 survivors (5120K)
 Metaspace       used 20653K, capacity 21161K, committed 21248K, reserved 1069056K
  class space    used 2274K, capacity 2486K, committed 2560K, reserved 1048576K
}
Event: 8.805 GC heap before
{Heap before GC invocations=3 (full 0):
 garbage-first heap   total 260096K, used 28186K [0x0000000702000000, 0x0000000800000000)
  region size 1024K, 25 young (25600K), 5 survivors (5120K)
 Metaspace       used 22284K, capacity 22900K, committed 23040K, reserved 1069056K
  class space    used 2542K, capacity 2793K, committed 2816K, reserved 1048576K
}
Event: 8.814 GC heap after
{Heap after GC invocations=4 (full 0):
 garbage-first heap   total 260096K, used 9478K [0x0000000702000000, 0x0000000800000000)
  region size 1024K, 3 young (3072K), 3 survivors (3072K)
 Metaspace       used 22284K, capacity 22900K, committed 23040K, reserved 1069056K
  class space    used 2542K, capacity 2793K, committed 2816K, reserved 1048576K
}
Event: 9.383 GC heap before
{Heap before GC invocations=5 (full 0):
 garbage-first heap   total 260096K, used 72966K [0x0000000702000000, 0x0000000800000000)
  region size 1024K, 66 young (67584K), 3 survivors (3072K)
 Metaspace       used 26934K, capacity 27700K, committed 27904K, reserved 1073152K
  class space    used 3288K, capacity 3580K, committed 3584K, reserved 1048576K
}
Event: 9.387 GC heap after
{Heap after GC invocations=6 (full 0):
 garbage-first heap   total 260096K, used 10670K [0x0000000702000000, 0x0000000800000000)
  region size 1024K, 4 young (4096K), 4 survivors (4096K)
 Metaspace       used 26934K, capacity 27700K, committed 27904K, reserved 1073152K
  class space    used 3288K, capacity 3580K, committed 3584K, reserved 1048576K
}
Event: 9.844 GC heap before
{Heap before GC invocations=6 (full 0):
 garbage-first heap   total 260096K, used 97710K [0x0000000702000000, 0x0000000800000000)
  region size 1024K, 89 young (91136K), 4 survivors (4096K)
 Metaspace       used 32419K, capacity 33242K, committed 33536K, reserved 1079296K
  class space    used 3928K, capacity 4261K, committed 4352K, reserved 1048576K
}
Event: 9.876 GC heap after
{Heap after GC invocations=7 (full 0):
 garbage-first heap   total 260096K, used 12442K [0x0000000702000000, 0x0000000800000000)
  region size 1024K, 6 young (6144K), 6 survivors (6144K)
 Metaspace       used 32419K, capacity 33242K, committed 33536K, reserved 1079296K
  class space    used 3928K, capacity 4261K, committed 4352K, reserved 1048576K
}
Event: 12.738 GC heap before
{Heap before GC invocations=7 (full 0):
 garbage-first heap   total 260096K, used 118938K [0x0000000702000000, 0x0000000800000000)
  region size 1024K, 111 young (113664K), 6 survivors (6144K)
 Metaspace       used 37459K, capacity 38494K, committed 38616K, reserved 1083392K
  class space    used 4648K, capacity 5068K, committed 5120K, reserved 1048576K
}
Event: 12.756 GC heap after
{Heap after GC invocations=8 (full 0):
 garbage-first heap   total 260096K, used 14839K [0x0000000702000000, 0x0000000800000000)
  region size 1024K, 8 young (8192K), 8 survivors (8192K)
 Metaspace       used 37459K, capacity 38494K, committed 38616K, reserved 1083392K
  class space    used 4648K, capacity 5068K, committed 5120K, reserved 1048576K
}
Event: 24.175 GC heap before
{Heap before GC invocations=9 (full 0):
 garbage-first heap   total 260096K, used 153079K [0x0000000702000000, 0x0000000800000000)
  region size 1024K, 143 young (146432K), 8 survivors (8192K)
 Metaspace       used 46542K, capacity 47959K, committed 48088K, reserved 1091584K
  class space    used 5774K, capacity 6332K, committed 6400K, reserved 1048576K
}
Event: 24.188 GC heap after
{Heap after GC invocations=10 (full 0):
 garbage-first heap   total 260096K, used 20675K [0x0000000702000000, 0x0000000800000000)
  region size 1024K, 14 young (14336K), 14 survivors (14336K)
 Metaspace       used 46542K, capacity 47959K, committed 48088K, reserved 1091584K
  class space    used 5774K, capacity 6332K, committed 6400K, reserved 1048576K
}
Event: 28.461 GC heap before
{Heap before GC invocations=10 (full 0):
 garbage-first heap   total 260096K, used 164035K [0x0000000702000000, 0x0000000800000000)
  region size 1024K, 152 young (155648K), 14 survivors (14336K)
 Metaspace       used 54530K, capacity 56139K, committed 56408K, reserved 1097728K
  class space    used 6633K, capacity 7252K, committed 7296K, reserved 1048576K
}
Event: 28.475 GC heap after
{Heap after GC invocations=11 (full 0):
 garbage-first heap   total 260096K, used 25220K [0x0000000702000000, 0x0000000800000000)
  region size 1024K, 14 young (14336K), 14 survivors (14336K)
 Metaspace       used 54530K, capacity 56139K, committed 56408K, reserved 1097728K
  class space    used 6633K, capacity 7252K, committed 7296K, reserved 1048576K
}
Event: 41.978 GC heap before
{Heap before GC invocations=11 (full 0):
 garbage-first heap   total 260096K, used 149124K [0x0000000702000000, 0x0000000800000000)
  region size 1024K, 136 young (139264K), 14 survivors (14336K)
 Metaspace       used 61634K, capacity 63464K, committed 63576K, reserved 1110016K
  class space    used 7572K, capacity 8270K, committed 8320K, reserved 1048576K
}
Event: 41.989 GC heap after
{Heap after GC invocations=12 (full 0):
 garbage-first heap   total 260096K, used 30973K [0x0000000702000000, 0x0000000800000000)
  region size 1024K, 11 young (11264K), 11 survivors (11264K)
 Metaspace       used 61634K, capacity 63464K, committed 63576K, reserved 1110016K
  class space    used 7572K, capacity 8270K, committed 8320K, reserved 1048576K
}

