# JRE version: OpenJDK Runtime Environment Temurin-11.0.20+8 (11.0.20+8) (build 11.0.20+8)
# Java VM: OpenJDK 64-Bit Server VM Temurin-11.0.20+8 (11.0.20+8, mixed mode, tiered, compressed oops, g1 gc, windows-amd64)
Heap:
 garbage-first heap   total 260096K, used 22422K [0x0000000702000000, 0x0000000800000000)
  region size 1024K, 13 young (13312K), 13 survivors (13312K)
 Metaspace       used 49231K, capacity 50723K, committed 50816K, reserved 1101824K
  class space    used 6096K, capacity 6718K, committed 6784K, reserved 1048576K
GC Heap History (14 events):
Event: 7.237 GC heap before
{Heap before GC invocations=0 (full 0):
 garbage-first heap   total 260096K, used 23552K [0x0000000702000000, 0x0000000800000000)
  region size 1024K, 24 young (24576K), 0 survivors (0K)
 Metaspace       used 15012K, capacity 15380K, committed 15488K, reserved 1062912K
  class space    used 1509K, capacity 1634K, committed 1664K, reserved 1048576K
}
Event: 7.272 GC heap after
{Heap after GC invocations=1 (full 0):
 garbage-first heap   total 260096K, used 6701K [0x0000000702000000, 0x0000000800000000)
  region size 1024K, 3 young (3072K), 3 survivors (3072K)
 Metaspace       used 15012K, capacity 15380K, committed 15488K, reserved 1062912K
  class space    used 1509K, capacity 1634K, committed 1664K, reserved 1048576K
}
Event: 11.670 GC heap before
{Heap before GC invocations=1 (full 0):
 garbage-first heap   total 260096K, used 64045K [0x0000000702000000, 0x0000000800000000)
  region size 1024K, 60 young (61440K), 3 survivors (3072K)
 Metaspace       used 20553K, capacity 21151K, committed 21248K, reserved 1069056K
  class space    used 2255K, capacity 2503K, committed 2560K, reserved 1048576K
}
Event: 11.680 GC heap after
{Heap after GC invocations=2 (full 0):
 garbage-first heap   total 260096K, used 8807K [0x0000000702000000, 0x0000000800000000)
  region size 1024K, 6 young (6144K), 6 survivors (6144K)
 Metaspace       used 20553K, capacity 21151K, committed 21248K, reserved 1069056K
  class space    used 2255K, capacity 2503K, committed 2560K, reserved 1048576K
}
Event: 12.808 GC heap before
{Heap before GC invocations=3 (full 0):
 garbage-first heap   total 260096K, used 61031K [0x0000000702000000, 0x0000000800000000)
  region size 1024K, 58 young (59392K), 6 survivors (6144K)
 Metaspace       used 24884K, capacity 25618K, committed 25856K, reserved 1071104K
  class space    used 2920K, capacity 3206K, committed 3328K, reserved 1048576K
}
Event: 12.847 GC heap after
{Heap after GC invocations=4 (full 0):
 garbage-first heap   total 260096K, used 10147K [0x0000000702000000, 0x0000000800000000)
  region size 1024K, 4 young (4096K), 4 survivors (4096K)
 Metaspace       used 24884K, capacity 25618K, committed 25856K, reserved 1071104K
  class space    used 2920K, capacity 3206K, committed 3328K, reserved 1048576K
}
Event: 13.578 GC heap before
{Heap before GC invocations=4 (full 0):
 garbage-first heap   total 260096K, used 90019K [0x0000000702000000, 0x0000000800000000)
  region size 1024K, 83 young (84992K), 4 survivors (4096K)
 Metaspace       used 29794K, capacity 30618K, committed 30848K, reserved 1077248K
  class space    used 3590K, capacity 3935K, committed 3968K, reserved 1048576K
}
Event: 13.585 GC heap after
{Heap after GC invocations=5 (full 0):
 garbage-first heap   total 260096K, used 12014K [0x0000000702000000, 0x0000000800000000)
  region size 1024K, 6 young (6144K), 6 survivors (6144K)
 Metaspace       used 29794K, capacity 30618K, committed 30848K, reserved 1077248K
  class space    used 3590K, capacity 3935K, committed 3968K, reserved 1048576K
}
Event: 14.949 GC heap before
{Heap before GC invocations=5 (full 0):
 garbage-first heap   total 260096K, used 110318K [0x0000000702000000, 0x0000000800000000)
  region size 1024K, 103 young (105472K), 6 survivors (6144K)
 Metaspace       used 34653K, capacity 35611K, committed 35840K, reserved 1081344K
  class space    used 4249K, capacity 4608K, committed 4608K, reserved 1048576K
}
Event: 14.970 GC heap after
{Heap after GC invocations=6 (full 0):
 garbage-first heap   total 260096K, used 13906K [0x0000000702000000, 0x0000000800000000)
  region size 1024K, 7 young (7168K), 7 survivors (7168K)
 Metaspace       used 34653K, capacity 35611K, committed 35840K, reserved 1081344K
  class space    used 4249K, capacity 4608K, committed 4608K, reserved 1048576K
}
Event: 29.019 GC heap before
{Heap before GC invocations=7 (full 0):
 garbage-first heap   total 260096K, used 161362K [0x0000000702000000, 0x0000000800000000)
  region size 1024K, 152 young (155648K), 7 survivors (7168K)
 Metaspace       used 44070K, capacity 45415K, committed 45440K, reserved 1089536K
  class space    used 5473K, capacity 6014K, committed 6016K, reserved 1048576K
}
Event: 29.040 GC heap after
{Heap after GC invocations=8 (full 0):
 garbage-first heap   total 260096K, used 19231K [0x0000000702000000, 0x0000000800000000)
  region size 1024K, 13 young (13312K), 13 survivors (13312K)
 Metaspace       used 44070K, capacity 45415K, committed 45440K, reserved 1089536K
  class space    used 5473K, capacity 6014K, committed 6016K, reserved 1048576K
}
Event: 41.361 GC heap before
{Heap before GC invocations=8 (full 0):
 garbage-first heap   total 260096K, used 93983K [0x0000000702000000, 0x0000000800000000)
  region size 1024K, 88 young (90112K), 13 survivors (13312K)
 Metaspace       used 49231K, capacity 50723K, committed 50816K, reserved 1099776K
  class space    used 6096K, capacity 6718K, committed 6784K, reserved 1048576K
}
Event: 41.769 GC heap after
{Heap after GC invocations=9 (full 0):
 garbage-first heap   total 260096K, used 22422K [0x0000000702000000, 0x0000000800000000)
  region size 1024K, 13 young (13312K), 13 survivors (13312K)
 Metaspace       used 49231K, capacity 50723K, committed 50816K, reserved 1099776K
  class space    used 6096K, capacity 6718K, committed 6784K, reserved 1048576K
}

