# JRE version: OpenJDK Runtime Environment Temurin-11.0.20+8 (11.0.20+8) (build 11.0.20+8)
# Java VM: OpenJDK 64-Bit Server VM Temurin-11.0.20+8 (11.0.20+8, mixed mode, tiered, compressed oops, g1 gc, windows-amd64)
Heap:
 garbage-first heap   total 260096K, used 31955K [0x0000000702000000, 0x0000000800000000)
  region size 1024K, 24 young (24576K), 1 survivors (1024K)
 Metaspace       used 23993K, capacity 24723K, committed 24832K, reserved 1071104K
  class space    used 2785K, capacity 3071K, committed 3072K, reserved 1048576K
GC Heap History (6 events):
Event: 15.303 GC heap before
{Heap before GC invocations=0 (full 0):
 garbage-first heap   total 260096K, used 23552K [0x0000000702000000, 0x0000000800000000)
  region size 1024K, 24 young (24576K), 0 survivors (0K)
 Metaspace       used 15003K, capacity 15380K, committed 15488K, reserved 1062912K
  class space    used 1509K, capacity 1634K, committed 1664K, reserved 1048576K
}
Event: 15.344 GC heap after
{Heap after GC invocations=1 (full 0):
 garbage-first heap   total 260096K, used 6918K [0x0000000702000000, 0x0000000800000000)
  region size 1024K, 3 young (3072K), 3 survivors (3072K)
 Metaspace       used 15003K, capacity 15380K, committed 15488K, reserved 1062912K
  class space    used 1509K, capacity 1634K, committed 1664K, reserved 1048576K
}
Event: 22.348 GC heap before
{Heap before GC invocations=1 (full 0):
 garbage-first heap   total 260096K, used 62214K [0x0000000702000000, 0x0000000800000000)
  region size 1024K, 58 young (59392K), 3 survivors (3072K)
 Metaspace       used 20596K, capacity 21265K, committed 21296K, reserved 1069056K
  class space    used 2270K, capacity 2532K, committed 2560K, reserved 1048576K
}
Event: 22.360 GC heap after
{Heap after GC invocations=2 (full 0):
 garbage-first heap   total 260096K, used 8873K [0x0000000702000000, 0x0000000800000000)
  region size 1024K, 5 young (5120K), 5 survivors (5120K)
 Metaspace       used 20596K, capacity 21265K, committed 21296K, reserved 1069056K
  class space    used 2270K, capacity 2532K, committed 2560K, reserved 1048576K
}
Event: 23.663 GC heap before
{Heap before GC invocations=3 (full 0):
 garbage-first heap   total 260096K, used 28329K [0x0000000702000000, 0x0000000800000000)
  region size 1024K, 24 young (24576K), 5 survivors (5120K)
 Metaspace       used 22100K, capacity 22884K, committed 23216K, reserved 1069056K
  class space    used 2522K, capacity 2820K, committed 2944K, reserved 1048576K
}
Event: 23.712 GC heap after
{Heap after GC invocations=4 (full 0):
 garbage-first heap   total 260096K, used 9427K [0x0000000702000000, 0x0000000800000000)
  region size 1024K, 1 young (1024K), 1 survivors (1024K)
 Metaspace       used 22100K, capacity 22884K, committed 23216K, reserved 1069056K
  class space    used 2522K, capacity 2820K, committed 2944K, reserved 1048576K
}

