# JRE version: OpenJDK Runtime Environment Temurin-11.0.20+8 (11.0.20+8) (build 11.0.20+8)
# Java VM: OpenJDK 64-Bit Server VM Temurin-11.0.20+8 (11.0.20+8, mixed mode, tiered, compressed oops, g1 gc, windows-amd64)
Heap:
 garbage-first heap   total 260096K, used 13675K [0x0000000702000000, 0x0000000800000000)
  region size 1024K, 8 young (8192K), 4 survivors (4096K)
 Metaspace       used 26411K, capacity 27191K, committed 27392K, reserved 1073152K
  class space    used 3163K, capacity 3464K, committed 3584K, reserved 1048576K
GC Heap History (10 events):
Event: 16.363 GC heap before
{Heap before GC invocations=0 (full 0):
 garbage-first heap   total 260096K, used 23552K [0x0000000702000000, 0x0000000800000000)
  region size 1024K, 24 young (24576K), 0 survivors (0K)
 Metaspace       used 15038K, capacity 15380K, committed 15488K, reserved 1062912K
  class space    used 1509K, capacity 1634K, committed 1664K, reserved 1048576K
}
Event: 16.394 GC heap after
{Heap after GC invocations=1 (full 0):
 garbage-first heap   total 260096K, used 6715K [0x0000000702000000, 0x0000000800000000)
  region size 1024K, 3 young (3072K), 3 survivors (3072K)
 Metaspace       used 15038K, capacity 15380K, committed 15488K, reserved 1062912K
  class space    used 1509K, capacity 1634K, committed 1664K, reserved 1048576K
}
Event: 16.751 GC heap before
{Heap before GC invocations=1 (full 0):
 garbage-first heap   total 260096K, used 27195K [0x0000000702000000, 0x0000000800000000)
  region size 1024K, 23 young (23552K), 3 survivors (3072K)
 Metaspace       used 17488K, capacity 17914K, committed 18176K, reserved 1064960K
  class space    used 1797K, capacity 1927K, committed 2048K, reserved 1048576K
}
Event: 16.755 GC heap after
{Heap after GC invocations=2 (full 0):
 garbage-first heap   total 260096K, used 8013K [0x0000000702000000, 0x0000000800000000)
  region size 1024K, 1 young (1024K), 1 survivors (1024K)
 Metaspace       used 17488K, capacity 17914K, committed 18176K, reserved 1064960K
  class space    used 1797K, capacity 1927K, committed 2048K, reserved 1048576K
}
Event: 25.897 GC heap before
{Heap before GC invocations=2 (full 0):
 garbage-first heap   total 260096K, used 41805K [0x0000000702000000, 0x0000000800000000)
  region size 1024K, 35 young (35840K), 1 survivors (1024K)
 Metaspace       used 20546K, capacity 21132K, committed 21248K, reserved 1069056K
  class space    used 2254K, capacity 2485K, committed 2560K, reserved 1048576K
}
Event: 25.918 GC heap after
{Heap after GC invocations=3 (full 0):
 garbage-first heap   total 260096K, used 9174K [0x0000000702000000, 0x0000000800000000)
  region size 1024K, 3 young (3072K), 3 survivors (3072K)
 Metaspace       used 20546K, capacity 21132K, committed 21248K, reserved 1069056K
  class space    used 2254K, capacity 2485K, committed 2560K, reserved 1048576K
}
Event: 28.683 GC heap before
{Heap before GC invocations=4 (full 0):
 garbage-first heap   total 260096K, used 64470K [0x0000000702000000, 0x0000000800000000)
  region size 1024K, 58 young (59392K), 3 survivors (3072K)
 Metaspace       used 25168K, capacity 25950K, committed 26112K, reserved 1073152K
  class space    used 2975K, capacity 3286K, committed 3328K, reserved 1048576K
}
Event: 29.841 GC heap after
{Heap after GC invocations=5 (full 0):
 garbage-first heap   total 260096K, used 10302K [0x0000000702000000, 0x0000000800000000)
  region size 1024K, 4 young (4096K), 4 survivors (4096K)
 Metaspace       used 25168K, capacity 25950K, committed 26112K, reserved 1073152K
  class space    used 2975K, capacity 3286K, committed 3328K, reserved 1048576K
}
Event: 36.084 GC heap before
{Heap before GC invocations=5 (full 0):
 garbage-first heap   total 260096K, used 25662K [0x0000000702000000, 0x0000000800000000)
  region size 1024K, 20 young (20480K), 4 survivors (4096K)
 Metaspace       used 26337K, capacity 27095K, committed 27264K, reserved 1073152K
  class space    used 3137K, capacity 3432K, committed 3456K, reserved 1048576K
}
Event: 36.109 GC heap after
{Heap after GC invocations=6 (full 0):
 garbage-first heap   total 260096K, used 10603K [0x0000000702000000, 0x0000000800000000)
  region size 1024K, 4 young (4096K), 4 survivors (4096K)
 Metaspace       used 26337K, capacity 27095K, committed 27264K, reserved 1073152K
  class space    used 3137K, capacity 3432K, committed 3456K, reserved 1048576K
}

