Heap:
 garbage-first heap   total 260096K, used 107650K [0x0000000702000000, 0x0000000800000000)
  region size 1024K, 100 young (102400K), 6 survivors (6144K)
 Metaspace       used 32281K, capacity 33322K, committed 33408K, reserved 1079296K
  class space    used 4003K, capacity 4405K, committed 4480K, reserved 1048576K
GC Heap History (8 events):
Event: 16.753 GC heap before
{Heap before GC invocations=0 (full 0):
 garbage-first heap   total 260096K, used 23552K [0x0000000702000000, 0x0000000800000000)
  region size 1024K, 24 young (24576K), 0 survivors (0K)
 Metaspace       used 14946K, capacity 15316K, committed 15488K, reserved 1062912K
  class space    used 1499K, capacity 1634K, committed 1664K, reserved 1048576K
}
Event: 16.794 GC heap after
{Heap after GC invocations=1 (full 0):
 garbage-first heap   total 260096K, used 6679K [0x0000000702000000, 0x0000000800000000)
  region size 1024K, 3 young (3072K), 3 survivors (3072K)
 Metaspace       used 14946K, capacity 15316K, committed 15488K, reserved 1062912K
  class space    used 1499K, capacity 1634K, committed 1664K, reserved 1048576K
}
Event: 20.734 GC heap before
{Heap before GC invocations=1 (full 0):
 garbage-first heap   total 260096K, used 67095K [0x0000000702000000, 0x0000000800000000)
  region size 1024K, 63 young (64512K), 3 survivors (3072K)
 Metaspace       used 20627K, capacity 21161K, committed 21248K, reserved 1069056K
  class space    used 2264K, capacity 2486K, committed 2560K, reserved 1048576K
}
Event: 20.745 GC heap after
{Heap after GC invocations=2 (full 0):
 garbage-first heap   total 260096K, used 8778K [0x0000000702000000, 0x0000000800000000)
  region size 1024K, 6 young (6144K), 6 survivors (6144K)
 Metaspace       used 20627K, capacity 21161K, committed 21248K, reserved 1069056K
  class space    used 2264K, capacity 2486K, committed 2560K, reserved 1048576K
}
Event: 21.552 GC heap before
{Heap before GC invocations=3 (full 0):
 garbage-first heap   total 260096K, used 28234K [0x0000000702000000, 0x0000000800000000)
  region size 1024K, 25 young (25600K), 6 survivors (6144K)
 Metaspace       used 22072K, capacity 22708K, committed 22784K, reserved 1069056K
  class space    used 2534K, capacity 2793K, committed 2816K, reserved 1048576K
}
Event: 21.558 GC heap after
{Heap after GC invocations=4 (full 0):
 garbage-first heap   total 260096K, used 9969K [0x0000000702000000, 0x0000000800000000)
  region size 1024K, 4 young (4096K), 4 survivors (4096K)
 Metaspace       used 22072K, capacity 22708K, committed 22784K, reserved 1069056K
  class space    used 2534K, capacity 2793K, committed 2816K, reserved 1048576K
}
Event: 25.316 GC heap before
{Heap before GC invocations=4 (full 0):
 garbage-first heap   total 260096K, used 91889K [0x0000000702000000, 0x0000000800000000)
  region size 1024K, 85 young (87040K), 4 survivors (4096K)
 Metaspace       used 27670K, capacity 28512K, committed 28800K, reserved 1075200K
  class space    used 3369K, capacity 3677K, committed 3712K, reserved 1048576K
}
Event: 25.387 GC heap after
{Heap after GC invocations=5 (full 0):
 garbage-first heap   total 260096K, used 12418K [0x0000000702000000, 0x0000000800000000)
  region size 1024K, 6 young (6144K), 6 survivors (6144K)
 Metaspace       used 27670K, capacity 28512K, committed 28800K, reserved 1075200K
  class space    used 3369K, capacity 3677K, committed 3712K, reserved 1048576K
}

