# JRE version: OpenJDK Runtime Environment Temurin-11.0.20+8 (11.0.20+8) (build 11.0.20+8)
# Java VM: OpenJDK 64-Bit Server VM Temurin-11.0.20+8 (11.0.20+8, mixed mode, tiered, compressed oops, g1 gc, windows-amd64)
Heap:
 garbage-first heap   total 260096K, used 40115K [0x0000000702000000, 0x0000000800000000)
  region size 1024K, 32 young (32768K), 3 survivors (3072K)
 Metaspace       used 28414K, capacity 29297K, committed 29440K, reserved 1075200K
  class space    used 3416K, capacity 3737K, committed 3840K, reserved 1048576K
GC Heap History (8 events):
Event: 16.555 GC heap before
{Heap before GC invocations=0 (full 0):
 garbage-first heap   total 260096K, used 23552K [0x0000000702000000, 0x0000000800000000)
  region size 1024K, 24 young (24576K), 0 survivors (0K)
 Metaspace       used 14939K, capacity 15316K, committed 15488K, reserved 1062912K
  class space    used 1499K, capacity 1634K, committed 1664K, reserved 1048576K
}
Event: 16.584 GC heap after
{Heap after GC invocations=1 (full 0):
 garbage-first heap   total 260096K, used 6571K [0x0000000702000000, 0x0000000800000000)
  region size 1024K, 3 young (3072K), 3 survivors (3072K)
 Metaspace       used 14939K, capacity 15316K, committed 15488K, reserved 1062912K
  class space    used 1499K, capacity 1634K, committed 1664K, reserved 1048576K
}
Event: 24.527 GC heap before
{Heap before GC invocations=1 (full 0):
 garbage-first heap   total 260096K, used 62891K [0x0000000702000000, 0x0000000800000000)
  region size 1024K, 59 young (60416K), 3 survivors (3072K)
 Metaspace       used 20539K, capacity 21132K, committed 21248K, reserved 1069056K
  class space    used 2252K, capacity 2485K, committed 2560K, reserved 1048576K
}
Event: 24.574 GC heap after
{Heap after GC invocations=2 (full 0):
 garbage-first heap   total 260096K, used 8928K [0x0000000702000000, 0x0000000800000000)
  region size 1024K, 6 young (6144K), 6 survivors (6144K)
 Metaspace       used 20539K, capacity 21132K, committed 21248K, reserved 1069056K
  class space    used 2252K, capacity 2485K, committed 2560K, reserved 1048576K
}
Event: 24.956 GC heap before
{Heap before GC invocations=3 (full 0):
 garbage-first heap   total 260096K, used 24288K [0x0000000702000000, 0x0000000800000000)
  region size 1024K, 21 young (21504K), 6 survivors (6144K)
 Metaspace       used 21787K, capacity 22460K, committed 22784K, reserved 1069056K
  class space    used 2458K, capacity 2720K, committed 2816K, reserved 1048576K
}
Event: 24.963 GC heap after
{Heap after GC invocations=4 (full 0):
 garbage-first heap   total 260096K, used 9457K [0x0000000702000000, 0x0000000800000000)
  region size 1024K, 1 young (1024K), 1 survivors (1024K)
 Metaspace       used 21787K, capacity 22460K, committed 22784K, reserved 1069056K
  class space    used 2458K, capacity 2720K, committed 2816K, reserved 1048576K
}
Event: 27.816 GC heap before
{Heap before GC invocations=4 (full 0):
 garbage-first heap   total 260096K, used 86257K [0x0000000702000000, 0x0000000800000000)
  region size 1024K, 77 young (78848K), 1 survivors (1024K)
 Metaspace       used 27049K, capacity 27869K, committed 28160K, reserved 1073152K
  class space    used 3207K, capacity 3516K, committed 3584K, reserved 1048576K
}
Event: 29.619 GC heap after
{Heap after GC invocations=5 (full 0):
 garbage-first heap   total 260096K, used 11443K [0x0000000702000000, 0x0000000800000000)
  region size 1024K, 3 young (3072K), 3 survivors (3072K)
 Metaspace       used 27049K, capacity 27869K, committed 28160K, reserved 1073152K
  class space    used 3207K, capacity 3516K, committed 3584K, reserved 1048576K
}

