# JRE version: OpenJDK Runtime Environment Temurin-11.0.20+8 (11.0.20+8) (build 11.0.20+8)
# Java VM: OpenJDK 64-Bit Server VM Temurin-11.0.20+8 (11.0.20+8, mixed mode, tiered, compressed oops, g1 gc, windows-amd64)
Heap:
 garbage-first heap   total 260096K, used 9061K [0x0000000702000000, 0x0000000800000000)
  region size 1024K, 3 young (3072K), 3 survivors (3072K)
 Metaspace       used 21158K, capacity 21784K, committed 21888K, reserved 1077248K
  class space    used 2362K, capacity 2620K, committed 2688K, reserved 1048576K
GC Heap History (8 events):
Event: 14.617 GC heap before
{Heap before GC invocations=0 (full 0):
 garbage-first heap   total 260096K, used 23552K [0x0000000702000000, 0x0000000800000000)
  region size 1024K, 24 young (24576K), 0 survivors (0K)
 Metaspace       used 15006K, capacity 15380K, committed 15488K, reserved 1062912K
  class space    used 1509K, capacity 1634K, committed 1664K, reserved 1048576K
}
Event: 14.655 GC heap after
{Heap after GC invocations=1 (full 0):
 garbage-first heap   total 260096K, used 6679K [0x0000000702000000, 0x0000000800000000)
  region size 1024K, 3 young (3072K), 3 survivors (3072K)
 Metaspace       used 15006K, capacity 15380K, committed 15488K, reserved 1062912K
  class space    used 1509K, capacity 1634K, committed 1664K, reserved 1048576K
}
Event: 15.086 GC heap before
{Heap before GC invocations=1 (full 0):
 garbage-first heap   total 260096K, used 27159K [0x0000000702000000, 0x0000000800000000)
  region size 1024K, 23 young (23552K), 3 survivors (3072K)
 Metaspace       used 17456K, capacity 17850K, committed 18176K, reserved 1064960K
  class space    used 1796K, capacity 1927K, committed 2048K, reserved 1048576K
}
Event: 15.090 GC heap after
{Heap after GC invocations=2 (full 0):
 garbage-first heap   total 260096K, used 7778K [0x0000000702000000, 0x0000000800000000)
  region size 1024K, 2 young (2048K), 2 survivors (2048K)
 Metaspace       used 17456K, capacity 17850K, committed 18176K, reserved 1064960K
  class space    used 1796K, capacity 1927K, committed 2048K, reserved 1048576K
}
Event: 25.139 GC heap before
{Heap before GC invocations=2 (full 0):
 garbage-first heap   total 260096K, used 42594K [0x0000000702000000, 0x0000000800000000)
  region size 1024K, 37 young (37888K), 2 survivors (2048K)
 Metaspace       used 20542K, capacity 21143K, committed 21248K, reserved 1069056K
  class space    used 2259K, capacity 2489K, committed 2560K, reserved 1048576K
}
Event: 25.142 GC heap after
{Heap after GC invocations=3 (full 0):
 garbage-first heap   total 260096K, used 8796K [0x0000000702000000, 0x0000000800000000)
  region size 1024K, 3 young (3072K), 3 survivors (3072K)
 Metaspace       used 20542K, capacity 21143K, committed 21248K, reserved 1069056K
  class space    used 2259K, capacity 2489K, committed 2560K, reserved 1048576K
}
Event: 32.758 GC heap before
{Heap before GC invocations=4 (full 0):
 garbage-first heap   total 260096K, used 16988K [0x0000000702000000, 0x0000000800000000)
  region size 1024K, 12 young (12288K), 3 survivors (3072K)
 Metaspace       used 21158K, capacity 21784K, committed 21888K, reserved 1075200K
  class space    used 2362K, capacity 2620K, committed 2688K, reserved 1048576K
}
Event: 32.762 GC heap after
{Heap after GC invocations=5 (full 0):
 garbage-first heap   total 260096K, used 9061K [0x0000000702000000, 0x0000000800000000)
  region size 1024K, 3 young (3072K), 3 survivors (3072K)
 Metaspace       used 21158K, capacity 21784K, committed 21888K, reserved 1075200K
  class space    used 2362K, capacity 2620K, committed 2688K, reserved 1048576K
}

