# JRE version: OpenJDK Runtime Environment Temurin-11.0.20+8 (11.0.20+8) (build 11.0.20+8)
# Java VM: OpenJDK 64-Bit Server VM Temurin-11.0.20+8 (11.0.20+8, mixed mode, tiered, compressed oops, g1 gc, windows-amd64)
Heap:
 garbage-first heap   total 260096K, used 13283K [0x0000000702000000, 0x0000000800000000)
  region size 1024K, 5 young (5120K), 5 survivors (5120K)
 Metaspace       used 29591K, capacity 30505K, committed 30592K, reserved 1081344K
  class space    used 3643K, capacity 3955K, committed 3968K, reserved 1048576K
GC Heap History (12 events):
Event: 10.002 GC heap before
{Heap before GC invocations=0 (full 0):
 garbage-first heap   total 260096K, used 23552K [0x0000000702000000, 0x0000000800000000)
  region size 1024K, 24 young (24576K), 0 survivors (0K)
 Metaspace       used 15045K, capacity 15444K, committed 15488K, reserved 1062912K
  class space    used 1509K, capacity 1634K, committed 1664K, reserved 1048576K
}
Event: 10.030 GC heap after
{Heap after GC invocations=1 (full 0):
 garbage-first heap   total 260096K, used 6833K [0x0000000702000000, 0x0000000800000000)
  region size 1024K, 3 young (3072K), 3 survivors (3072K)
 Metaspace       used 15045K, capacity 15444K, committed 15488K, reserved 1062912K
  class space    used 1509K, capacity 1634K, committed 1664K, reserved 1048576K
}
Event: 13.734 GC heap before
{Heap before GC invocations=1 (full 0):
 garbage-first heap   total 260096K, used 66225K [0x0000000702000000, 0x0000000800000000)
  region size 1024K, 62 young (63488K), 3 survivors (3072K)
 Metaspace       used 20601K, capacity 21161K, committed 21248K, reserved 1069056K
  class space    used 2262K, capacity 2486K, committed 2560K, reserved 1048576K
}
Event: 13.746 GC heap after
{Heap after GC invocations=2 (full 0):
 garbage-first heap   total 260096K, used 8757K [0x0000000702000000, 0x0000000800000000)
  region size 1024K, 5 young (5120K), 5 survivors (5120K)
 Metaspace       used 20601K, capacity 21161K, committed 21248K, reserved 1069056K
  class space    used 2262K, capacity 2486K, committed 2560K, reserved 1048576K
}
Event: 14.478 GC heap before
{Heap before GC invocations=3 (full 0):
 garbage-first heap   total 260096K, used 28213K [0x0000000702000000, 0x0000000800000000)
  region size 1024K, 24 young (24576K), 5 survivors (5120K)
 Metaspace       used 22145K, capacity 22772K, committed 23040K, reserved 1069056K
  class space    used 2538K, capacity 2793K, committed 2816K, reserved 1048576K
}
Event: 14.486 GC heap after
{Heap after GC invocations=4 (full 0):
 garbage-first heap   total 260096K, used 10072K [0x0000000702000000, 0x0000000800000000)
  region size 1024K, 2 young (2048K), 2 survivors (2048K)
 Metaspace       used 22145K, capacity 22772K, committed 23040K, reserved 1069056K
  class space    used 2538K, capacity 2793K, committed 2816K, reserved 1048576K
}
Event: 20.012 GC heap before
{Heap before GC invocations=5 (full 0):
 garbage-first heap   total 260096K, used 74584K [0x0000000702000000, 0x0000000800000000)
  region size 1024K, 66 young (67584K), 2 survivors (2048K)
 Metaspace       used 27052K, capacity 27897K, committed 28160K, reserved 1073152K
  class space    used 3227K, capacity 3547K, committed 3584K, reserved 1048576K
}
Event: 20.017 GC heap after
{Heap after GC invocations=6 (full 0):
 garbage-first heap   total 260096K, used 11413K [0x0000000702000000, 0x0000000800000000)
  region size 1024K, 3 young (3072K), 3 survivors (3072K)
 Metaspace       used 27052K, capacity 27897K, committed 28160K, reserved 1073152K
  class space    used 3227K, capacity 3547K, committed 3584K, reserved 1048576K
}
Event: 29.057 GC heap before
{Heap before GC invocations=6 (full 0):
 garbage-first heap   total 260096K, used 57493K [0x0000000702000000, 0x0000000800000000)
  region size 1024K, 50 young (51200K), 3 survivors (3072K)
 Metaspace       used 29105K, capacity 29980K, committed 30080K, reserved 1081344K
  class space    used 3559K, capacity 3905K, committed 3968K, reserved 1048576K
}
Event: 29.068 GC heap after
{Heap after GC invocations=7 (full 0):
 garbage-first heap   total 260096K, used 12813K [0x0000000702000000, 0x0000000800000000)
  region size 1024K, 5 young (5120K), 5 survivors (5120K)
 Metaspace       used 29105K, capacity 29980K, committed 30080K, reserved 1081344K
  class space    used 3559K, capacity 3905K, committed 3968K, reserved 1048576K
}
Event: 29.428 GC heap before
{Heap before GC invocations=8 (full 0):
 garbage-first heap   total 260096K, used 24077K [0x0000000702000000, 0x0000000800000000)
  region size 1024K, 18 young (18432K), 5 survivors (5120K)
 Metaspace       used 29591K, capacity 30505K, committed 30592K, reserved 1081344K
  class space    used 3643K, capacity 3955K, committed 3968K, reserved 1048576K
}
Event: 29.433 GC heap after
{Heap after GC invocations=9 (full 0):
 garbage-first heap   total 260096K, used 13283K [0x0000000702000000, 0x0000000800000000)
  region size 1024K, 5 young (5120K), 5 survivors (5120K)
 Metaspace       used 29591K, capacity 30505K, committed 30592K, reserved 1081344K
  class space    used 3643K, capacity 3955K, committed 3968K, reserved 1048576K
}

