Heap:
 garbage-first heap   total 260096K, used 10660K [0x0000000702000000, 0x0000000800000000)
  region size 1024K, 4 young (4096K), 4 survivors (4096K)
 Metaspace       used 26498K, capacity 27270K, committed 27392K, reserved 1085440K
  class space    used 3154K, capacity 3468K, committed 3584K, reserved 1048576K
GC Heap History (10 events):
Event: 16.303 GC heap before
{Heap before GC invocations=0 (full 0):
 garbage-first heap   total 260096K, used 23552K [0x0000000702000000, 0x0000000800000000)
  region size 1024K, 24 young (24576K), 0 survivors (0K)
 Metaspace       used 15022K, capacity 15380K, committed 15488K, reserved 1062912K
  class space    used 1510K, capacity 1634K, committed 1664K, reserved 1048576K
}
Event: 16.326 GC heap after
{Heap after GC invocations=1 (full 0):
 garbage-first heap   total 260096K, used 6769K [0x0000000702000000, 0x0000000800000000)
  region size 1024K, 3 young (3072K), 3 survivors (3072K)
 Metaspace       used 15022K, capacity 15380K, committed 15488K, reserved 1062912K
  class space    used 1510K, capacity 1634K, committed 1664K, reserved 1048576K
}
Event: 16.660 GC heap before
{Heap before GC invocations=1 (full 0):
 garbage-first heap   total 260096K, used 25201K [0x0000000702000000, 0x0000000800000000)
  region size 1024K, 21 young (21504K), 3 survivors (3072K)
 Metaspace       used 17359K, capacity 17780K, committed 17920K, reserved 1064960K
  class space    used 1780K, capacity 1925K, committed 2048K, reserved 1048576K
}
Event: 16.664 GC heap after
{Heap after GC invocations=2 (full 0):
 garbage-first heap   total 260096K, used 7876K [0x0000000702000000, 0x0000000800000000)
  region size 1024K, 1 young (1024K), 1 survivors (1024K)
 Metaspace       used 17359K, capacity 17780K, committed 17920K, reserved 1064960K
  class space    used 1780K, capacity 1925K, committed 2048K, reserved 1048576K
}
Event: 24.405 GC heap before
{Heap before GC invocations=2 (full 0):
 garbage-first heap   total 260096K, used 42692K [0x0000000702000000, 0x0000000800000000)
  region size 1024K, 37 young (37888K), 1 survivors (1024K)
 Metaspace       used 20529K, capacity 21132K, committed 21248K, reserved 1069056K
  class space    used 2252K, capacity 2485K, committed 2560K, reserved 1048576K
}
Event: 24.410 GC heap after
{Heap after GC invocations=3 (full 0):
 garbage-first heap   total 260096K, used 8985K [0x0000000702000000, 0x0000000800000000)
  region size 1024K, 3 young (3072K), 3 survivors (3072K)
 Metaspace       used 20529K, capacity 21132K, committed 21248K, reserved 1069056K
  class space    used 2252K, capacity 2485K, committed 2560K, reserved 1048576K
}
Event: 26.993 GC heap before
{Heap before GC invocations=4 (full 0):
 garbage-first heap   total 260096K, used 67353K [0x0000000702000000, 0x0000000800000000)
  region size 1024K, 60 young (61440K), 3 survivors (3072K)
 Metaspace       used 25283K, capacity 26087K, committed 26368K, reserved 1073152K
  class space    used 2988K, capacity 3288K, committed 3328K, reserved 1048576K
}
Event: 29.359 GC heap after
{Heap after GC invocations=5 (full 0):
 garbage-first heap   total 260096K, used 10248K [0x0000000702000000, 0x0000000800000000)
  region size 1024K, 4 young (4096K), 4 survivors (4096K)
 Metaspace       used 25283K, capacity 26087K, committed 26368K, reserved 1073152K
  class space    used 2988K, capacity 3288K, committed 3328K, reserved 1048576K
}
Event: 36.228 GC heap before
{Heap before GC invocations=5 (full 0):
 garbage-first heap   total 260096K, used 26632K [0x0000000702000000, 0x0000000800000000)
  region size 1024K, 21 young (21504K), 4 survivors (4096K)
 Metaspace       used 26498K, capacity 27270K, committed 27392K, reserved 1083392K
  class space    used 3154K, capacity 3468K, committed 3584K, reserved 1048576K
}
Event: 36.231 GC heap after
{Heap after GC invocations=6 (full 0):
 garbage-first heap   total 260096K, used 10660K [0x0000000702000000, 0x0000000800000000)
  region size 1024K, 4 young (4096K), 4 survivors (4096K)
 Metaspace       used 26498K, capacity 27270K, committed 27392K, reserved 1083392K
  class space    used 3154K, capacity 3468K, committed 3584K, reserved 1048576K
}

