# JRE version: OpenJDK Runtime Environment Temurin-11.0.20+8 (11.0.20+8) (build 11.0.20+8)
# Java VM: OpenJDK 64-Bit Server VM Temurin-11.0.20+8 (11.0.20+8, mixed mode, tiered, compressed oops, g1 gc, windows-amd64)
Heap:
 garbage-first heap   total 260096K, used 13423K [0x0000000702000000, 0x0000000800000000)
  region size 1024K, 7 young (7168K), 7 survivors (7168K)
 Metaspace       used 33189K, capacity 34087K, committed 34176K, reserved 1087488K
  class space    used 4049K, capacity 4425K, committed 4480K, reserved 1048576K
GC Heap History (10 events):
Event: 17.919 GC heap before
{Heap before GC invocations=0 (full 0):
 garbage-first heap   total 260096K, used 23552K [0x0000000702000000, 0x0000000800000000)
  region size 1024K, 24 young (24576K), 0 survivors (0K)
 Metaspace       used 15003K, capacity 15380K, committed 15488K, reserved 1062912K
  class space    used 1509K, capacity 1634K, committed 1664K, reserved 1048576K
}
Event: 17.954 GC heap after
{Heap after GC invocations=1 (full 0):
 garbage-first heap   total 260096K, used 6703K [0x0000000702000000, 0x0000000800000000)
  region size 1024K, 3 young (3072K), 3 survivors (3072K)
 Metaspace       used 15003K, capacity 15380K, committed 15488K, reserved 1062912K
  class space    used 1509K, capacity 1634K, committed 1664K, reserved 1048576K
}
Event: 18.842 GC heap before
{Heap before GC invocations=1 (full 0):
 garbage-first heap   total 260096K, used 26159K [0x0000000702000000, 0x0000000800000000)
  region size 1024K, 22 young (22528K), 3 survivors (3072K)
 Metaspace       used 17401K, capacity 17786K, committed 17920K, reserved 1064960K
  class space    used 1793K, capacity 1927K, committed 2048K, reserved 1048576K
}
Event: 18.847 GC heap after
{Heap after GC invocations=2 (full 0):
 garbage-first heap   total 260096K, used 7957K [0x0000000702000000, 0x0000000800000000)
  region size 1024K, 2 young (2048K), 2 survivors (2048K)
 Metaspace       used 17401K, capacity 17786K, committed 17920K, reserved 1064960K
  class space    used 1793K, capacity 1927K, committed 2048K, reserved 1048576K
}
Event: 20.976 GC heap before
{Heap before GC invocations=2 (full 0):
 garbage-first heap   total 260096K, used 45845K [0x0000000702000000, 0x0000000800000000)
  region size 1024K, 40 young (40960K), 2 survivors (2048K)
 Metaspace       used 20545K, capacity 21119K, committed 21248K, reserved 1069056K
  class space    used 2253K, capacity 2471K, committed 2560K, reserved 1048576K
}
Event: 20.981 GC heap after
{Heap after GC invocations=3 (full 0):
 garbage-first heap   total 260096K, used 8785K [0x0000000702000000, 0x0000000800000000)
  region size 1024K, 2 young (2048K), 2 survivors (2048K)
 Metaspace       used 20545K, capacity 21119K, committed 21248K, reserved 1069056K
  class space    used 2253K, capacity 2471K, committed 2560K, reserved 1048576K
}
Event: 26.896 GC heap before
{Heap before GC invocations=4 (full 0):
 garbage-first heap   total 260096K, used 162385K [0x0000000702000000, 0x0000000800000000)
  region size 1024K, 152 young (155648K), 2 survivors (2048K)
 Metaspace       used 31612K, capacity 32519K, committed 32640K, reserved 1077248K
  class space    used 3818K, capacity 4174K, committed 4224K, reserved 1048576K
}
Event: 28.250 GC heap after
{Heap after GC invocations=5 (full 0):
 garbage-first heap   total 260096K, used 12087K [0x0000000702000000, 0x0000000800000000)
  region size 1024K, 6 young (6144K), 6 survivors (6144K)
 Metaspace       used 31612K, capacity 32519K, committed 32640K, reserved 1077248K
  class space    used 3818K, capacity 4174K, committed 4224K, reserved 1048576K
}
Event: 35.587 GC heap before
{Heap before GC invocations=6 (full 0):
 garbage-first heap   total 260096K, used 45879K [0x0000000702000000, 0x0000000800000000)
  region size 1024K, 40 young (40960K), 6 survivors (6144K)
 Metaspace       used 33189K, capacity 34087K, committed 34176K, reserved 1085440K
  class space    used 4049K, capacity 4425K, committed 4480K, reserved 1048576K
}
Event: 35.601 GC heap after
{Heap after GC invocations=7 (full 0):
 garbage-first heap   total 260096K, used 13423K [0x0000000702000000, 0x0000000800000000)
  region size 1024K, 7 young (7168K), 7 survivors (7168K)
 Metaspace       used 33189K, capacity 34087K, committed 34176K, reserved 1085440K
  class space    used 4049K, capacity 4425K, committed 4480K, reserved 1048576K
}

