Heap:
 garbage-first heap   total 260096K, used 16650K [0x0000000702000000, 0x0000000800000000)
  region size 1024K, 10 young (10240K), 10 survivors (10240K)
 Metaspace       used 40976K, capacity 42170K, committed 42240K, reserved 1093632K
  class space    used 5101K, capacity 5590K, committed 5632K, reserved 1048576K
GC Heap History (14 events):
Event: 16.032 GC heap before
{Heap before GC invocations=0 (full 0):
 garbage-first heap   total 260096K, used 24576K [0x0000000702000000, 0x0000000800000000)
  region size 1024K, 24 young (24576K), 0 survivors (0K)
 Metaspace       used 15022K, capacity 15380K, committed 15488K, reserved 1062912K
  class space    used 1510K, capacity 1634K, committed 1664K, reserved 1048576K
}
Event: 16.085 GC heap after
{Heap after GC invocations=1 (full 0):
 garbage-first heap   total 260096K, used 6971K [0x0000000702000000, 0x0000000800000000)
  region size 1024K, 3 young (3072K), 3 survivors (3072K)
 Metaspace       used 15022K, capacity 15380K, committed 15488K, reserved 1062912K
  class space    used 1510K, capacity 1634K, committed 1664K, reserved 1048576K
}
Event: 17.058 GC heap before
{Heap before GC invocations=1 (full 0):
 garbage-first heap   total 260096K, used 53051K [0x0000000702000000, 0x0000000800000000)
  region size 1024K, 48 young (49152K), 3 survivors (3072K)
 Metaspace       used 19572K, capacity 20134K, committed 20352K, reserved 1067008K
  class space    used 2110K, capacity 2311K, committed 2432K, reserved 1048576K
}
Event: 17.063 GC heap after
{Heap after GC invocations=2 (full 0):
 garbage-first heap   total 260096K, used 8567K [0x0000000702000000, 0x0000000800000000)
  region size 1024K, 5 young (5120K), 5 survivors (5120K)
 Metaspace       used 19572K, capacity 20134K, committed 20352K, reserved 1067008K
  class space    used 2110K, capacity 2311K, committed 2432K, reserved 1048576K
}
Event: 17.255 GC heap before
{Heap before GC invocations=2 (full 0):
 garbage-first heap   total 260096K, used 21879K [0x0000000702000000, 0x0000000800000000)
  region size 1024K, 19 young (19456K), 5 survivors (5120K)
 Metaspace       used 20640K, capacity 21161K, committed 21248K, reserved 1069056K
  class space    used 2270K, capacity 2486K, committed 2560K, reserved 1048576K
}
Event: 17.263 GC heap after
{Heap after GC invocations=3 (full 0):
 garbage-first heap   total 260096K, used 9015K [0x0000000702000000, 0x0000000800000000)
  region size 1024K, 3 young (3072K), 3 survivors (3072K)
 Metaspace       used 20640K, capacity 21161K, committed 21248K, reserved 1069056K
  class space    used 2270K, capacity 2486K, committed 2560K, reserved 1048576K
}
Event: 18.568 GC heap before
{Heap before GC invocations=4 (full 0):
 garbage-first heap   total 260096K, used 69431K [0x0000000702000000, 0x0000000800000000)
  region size 1024K, 63 young (64512K), 3 survivors (3072K)
 Metaspace       used 25564K, capacity 26280K, committed 26368K, reserved 1073152K
  class space    used 3014K, capacity 3298K, committed 3328K, reserved 1048576K
}
Event: 18.580 GC heap after
{Heap after GC invocations=5 (full 0):
 garbage-first heap   total 260096K, used 10487K [0x0000000702000000, 0x0000000800000000)
  region size 1024K, 4 young (4096K), 4 survivors (4096K)
 Metaspace       used 25564K, capacity 26280K, committed 26368K, reserved 1073152K
  class space    used 3014K, capacity 3298K, committed 3328K, reserved 1048576K
}
Event: 23.158 GC heap before
{Heap before GC invocations=5 (full 0):
 garbage-first heap   total 260096K, used 162039K [0x0000000702000000, 0x0000000800000000)
  region size 1024K, 152 young (155648K), 4 survivors (4096K)
 Metaspace       used 34132K, capacity 35200K, committed 35328K, reserved 1079296K
  class space    used 4183K, capacity 4569K, committed 4608K, reserved 1048576K
}
Event: 23.165 GC heap after
{Heap after GC invocations=6 (full 0):
 garbage-first heap   total 260096K, used 13949K [0x0000000702000000, 0x0000000800000000)
  region size 1024K, 7 young (7168K), 7 survivors (7168K)
 Metaspace       used 34132K, capacity 35200K, committed 35328K, reserved 1079296K
  class space    used 4183K, capacity 4569K, committed 4608K, reserved 1048576K
}
Event: 23.480 GC heap before
{Heap before GC invocations=6 (full 0):
 garbage-first heap   total 260096K, used 27261K [0x0000000702000000, 0x0000000800000000)
  region size 1024K, 21 young (21504K), 7 survivors (7168K)
 Metaspace       used 34672K, capacity 35687K, committed 35840K, reserved 1081344K
  class space    used 4263K, capacity 4644K, committed 4736K, reserved 1048576K
}
Event: 23.534 GC heap after
{Heap after GC invocations=7 (full 0):
 garbage-first heap   total 260096K, used 14117K [0x0000000702000000, 0x0000000800000000)
  region size 1024K, 8 young (8192K), 8 survivors (8192K)
 Metaspace       used 34672K, capacity 35687K, committed 35840K, reserved 1081344K
  class space    used 4263K, capacity 4644K, committed 4736K, reserved 1048576K
}
Event: 34.993 GC heap before
{Heap before GC invocations=8 (full 0):
 garbage-first heap   total 260096K, used 114469K [0x0000000702000000, 0x0000000800000000)
  region size 1024K, 107 young (109568K), 8 survivors (8192K)
 Metaspace       used 40976K, capacity 42170K, committed 42240K, reserved 1091584K
  class space    used 5101K, capacity 5590K, committed 5632K, reserved 1048576K
}
Event: 35.012 GC heap after
{Heap after GC invocations=9 (full 0):
 garbage-first heap   total 260096K, used 16650K [0x0000000702000000, 0x0000000800000000)
  region size 1024K, 10 young (10240K), 10 survivors (10240K)
 Metaspace       used 40976K, capacity 42170K, committed 42240K, reserved 1091584K
  class space    used 5101K, capacity 5590K, committed 5632K, reserved 1048576K
}

