Heap:
 garbage-first heap   total 260096K, used 23947K [0x0000000702000000, 0x0000000800000000)
  region size 1024K, 11 young (11264K), 11 survivors (11264K)
 Metaspace       used 51514K, capacity 53035K, committed 53120K, reserved 1103872K
  class space    used 6395K, capacity 6997K, committed 7040K, reserved 1048576K
GC Heap History (18 events):
Event: 5.133 GC heap before
{Heap before GC invocations=0 (full 0):
 garbage-first heap   total 260096K, used 23552K [0x0000000702000000, 0x0000000800000000)
  region size 1024K, 24 young (24576K), 0 survivors (0K)
 Metaspace       used 15004K, capacity 15380K, committed 15488K, reserved 1062912K
  class space    used 1509K, capacity 1634K, committed 1664K, reserved 1048576K
}
Event: 5.200 GC heap after
{Heap after GC invocations=1 (full 0):
 garbage-first heap   total 260096K, used 6642K [0x0000000702000000, 0x0000000800000000)
  region size 1024K, 3 young (3072K), 3 survivors (3072K)
 Metaspace       used 15004K, capacity 15380K, committed 15488K, reserved 1062912K
  class space    used 1509K, capacity 1634K, committed 1664K, reserved 1048576K
}
Event: 7.266 GC heap before
{Heap before GC invocations=1 (full 0):
 garbage-first heap   total 260096K, used 63986K [0x0000000702000000, 0x0000000800000000)
  region size 1024K, 60 young (61440K), 3 survivors (3072K)
 Metaspace       used 20573K, capacity 21151K, committed 21248K, reserved 1069056K
  class space    used 2257K, capacity 2503K, committed 2560K, reserved 1048576K
}
Event: 7.276 GC heap after
{Heap after GC invocations=2 (full 0):
 garbage-first heap   total 260096K, used 8686K [0x0000000702000000, 0x0000000800000000)
  region size 1024K, 5 young (5120K), 5 survivors (5120K)
 Metaspace       used 20573K, capacity 21151K, committed 21248K, reserved 1069056K
  class space    used 2257K, capacity 2503K, committed 2560K, reserved 1048576K
}
Event: 7.688 GC heap before
{Heap before GC invocations=3 (full 0):
 garbage-first heap   total 260096K, used 29166K [0x0000000702000000, 0x0000000800000000)
  region size 1024K, 25 young (25600K), 5 survivors (5120K)
 Metaspace       used 22196K, capacity 22927K, committed 23168K, reserved 1069056K
  class space    used 2560K, capacity 2845K, committed 2944K, reserved 1048576K
}
Event: 7.774 GC heap after
{Heap after GC invocations=4 (full 0):
 garbage-first heap   total 260096K, used 9715K [0x0000000702000000, 0x0000000800000000)
  region size 1024K, 3 young (3072K), 3 survivors (3072K)
 Metaspace       used 22196K, capacity 22927K, committed 23168K, reserved 1069056K
  class space    used 2560K, capacity 2845K, committed 2944K, reserved 1048576K
}
Event: 8.147 GC heap before
{Heap before GC invocations=4 (full 0):
 garbage-first heap   total 260096K, used 72179K [0x0000000702000000, 0x0000000800000000)
  region size 1024K, 65 young (66560K), 3 survivors (3072K)
 Metaspace       used 26787K, capacity 27546K, committed 27648K, reserved 1073152K
  class space    used 3259K, capacity 3550K, committed 3584K, reserved 1048576K
}
Event: 8.152 GC heap after
{Heap after GC invocations=5 (full 0):
 garbage-first heap   total 260096K, used 10776K [0x0000000702000000, 0x0000000800000000)
  region size 1024K, 4 young (4096K), 4 survivors (4096K)
 Metaspace       used 26787K, capacity 27546K, committed 27648K, reserved 1073152K
  class space    used 3259K, capacity 3550K, committed 3584K, reserved 1048576K
}
Event: 8.619 GC heap before
{Heap before GC invocations=5 (full 0):
 garbage-first heap   total 260096K, used 94744K [0x0000000702000000, 0x0000000800000000)
  region size 1024K, 87 young (89088K), 4 survivors (4096K)
 Metaspace       used 32059K, capacity 32945K, committed 33152K, reserved 1079296K
  class space    used 3858K, capacity 4200K, committed 4224K, reserved 1048576K
}
Event: 8.626 GC heap after
{Heap after GC invocations=6 (full 0):
 garbage-first heap   total 260096K, used 12616K [0x0000000702000000, 0x0000000800000000)
  region size 1024K, 6 young (6144K), 6 survivors (6144K)
 Metaspace       used 32059K, capacity 32945K, committed 33152K, reserved 1079296K
  class space    used 3858K, capacity 4200K, committed 4224K, reserved 1048576K
}
Event: 9.792 GC heap before
{Heap before GC invocations=6 (full 0):
 garbage-first heap   total 260096K, used 79176K [0x0000000702000000, 0x0000000800000000)
  region size 1024K, 72 young (73728K), 6 survivors (6144K)
 Metaspace       used 34793K, capacity 35707K, committed 35840K, reserved 1081344K
  class space    used 4268K, capacity 4640K, committed 4736K, reserved 1048576K
}
Event: 9.811 GC heap after
{Heap after GC invocations=7 (full 0):
 garbage-first heap   total 260096K, used 14117K [0x0000000702000000, 0x0000000800000000)
  region size 1024K, 8 young (8192K), 8 survivors (8192K)
 Metaspace       used 34793K, capacity 35707K, committed 35840K, reserved 1081344K
  class space    used 4268K, capacity 4640K, committed 4736K, reserved 1048576K
}
Event: 25.443 GC heap before
{Heap before GC invocations=8 (full 0):
 garbage-first heap   total 260096K, used 131877K [0x0000000702000000, 0x0000000800000000)
  region size 1024K, 123 young (125952K), 8 survivors (8192K)
 Metaspace       used 42565K, capacity 43868K, committed 44032K, reserved 1087488K
  class space    used 5320K, capacity 5841K, committed 5888K, reserved 1048576K
}
Event: 25.456 GC heap after
{Heap after GC invocations=9 (full 0):
 garbage-first heap   total 260096K, used 17966K [0x0000000702000000, 0x0000000800000000)
  region size 1024K, 11 young (11264K), 11 survivors (11264K)
 Metaspace       used 42565K, capacity 43868K, committed 44032K, reserved 1087488K
  class space    used 5320K, capacity 5841K, committed 5888K, reserved 1048576K
}
Event: 40.109 GC heap before
{Heap before GC invocations=9 (full 0):
 garbage-first heap   total 260096K, used 162350K [0x0000000702000000, 0x0000000800000000)
  region size 1024K, 152 young (155648K), 11 survivors (11264K)
 Metaspace       used 51360K, capacity 52959K, committed 53120K, reserved 1095680K
  class space    used 6374K, capacity 6994K, committed 7040K, reserved 1048576K
}
Event: 40.130 GC heap after
{Heap after GC invocations=10 (full 0):
 garbage-first heap   total 260096K, used 22824K [0x0000000702000000, 0x0000000800000000)
  region size 1024K, 14 young (14336K), 14 survivors (14336K)
 Metaspace       used 51360K, capacity 52959K, committed 53120K, reserved 1095680K
  class space    used 6374K, capacity 6994K, committed 7040K, reserved 1048576K
}
Event: 40.537 GC heap before
{Heap before GC invocations=10 (full 0):
 garbage-first heap   total 260096K, used 27944K [0x0000000702000000, 0x0000000800000000)
  region size 1024K, 20 young (20480K), 14 survivors (14336K)
 Metaspace       used 51514K, capacity 53035K, committed 53120K, reserved 1101824K
  class space    used 6395K, capacity 6997K, committed 7040K, reserved 1048576K
}
Event: 40.562 GC heap after
{Heap after GC invocations=11 (full 0):
 garbage-first heap   total 260096K, used 23947K [0x0000000702000000, 0x0000000800000000)
  region size 1024K, 11 young (11264K), 11 survivors (11264K)
 Metaspace       used 51514K, capacity 53035K, committed 53120K, reserved 1101824K
  class space    used 6395K, capacity 6997K, committed 7040K, reserved 1048576K
}

